10/3/13 1:28:01 AM - 10: org.apache.uima.adapter.jms.client.BaseUIMAAsynchronousEngine_impl.<init>(128): INFO: UIMA Version 2.4.0 UIMA-AS Version 2.4.0
10/3/13 1:28:02 AM - 10: org.apache.uima.adapter.jms.client.BaseUIMAAsynchronousEngine_impl.setupConnection: INFO: UIMA AS Client Created Shared Connection To Broker: tcp://mu.lti.cs.cmu.edu:61616
10/3/13 1:28:02 AM - 10: org.apache.uima.adapter.jms.client.BaseUIMAAsynchronousEngine_impl.initializeProducer: INFO: Initializing JMS Message Producer. Broker: tcp://mu.lti.cs.cmu.edu:61616 Queue Name: ScnlpQueue
10/3/13 1:28:02 AM - 10: org.apache.uima.adapter.jms.client.BaseUIMAAsynchronousEngine_impl.initializeConsumer: INFO: Initializing JMS Message Consumer. Broker: tcp://mu.lti.cs.cmu.edu:61616 Queue Name: ID:lipc-21547-1380778081996-0:0:1
10/3/13 1:28:02 AM - 10: org.apache.uima.adapter.jms.client.BaseUIMAAsynchronousEngine_impl.initialize: INFO: Asynchronous Client Has Been Initialized. Serialization Strategy: [xmi] Ready To Process.
10/3/13 1:28:05 AM - 11: org.apache.uima.adapter.jms.client.BaseUIMAAsynchronousEngineCommon_impl.stop: INFO: Stopping Asynchronous Client.
10/3/13 1:28:05 AM - 11: org.apache.uima.adapter.jms.client.BaseUIMAAsynchronousEngineCommon_impl.stop: INFO: Asynchronous Client Has Stopped.
10/3/13 1:28:05 AM - 11: org.apache.uima.adapter.jms.client.BaseUIMAAsynchronousEngineCommon_impl$SharedConnection.destroy: INFO: UIMA AS Client Shared Connection Has Been Closed   
10/3/13 1:28:05 AM - 11: org.apache.uima.adapter.jms.client.BaseUIMAAsynchronousEngine_impl.stop: INFO: UIMA AS Client Undeployed All Containers
10/3/13 1:28:36 AM - 12: org.apache.uima.adapter.jms.client.BaseUIMAAsynchronousEngine_impl.<init>(128): INFO: UIMA Version 2.4.0 UIMA-AS Version 2.4.0
10/3/13 1:28:36 AM - 12: org.apache.uima.adapter.jms.client.BaseUIMAAsynchronousEngine_impl.setupConnection: INFO: UIMA AS Client Created Shared Connection To Broker: tcp://mu.lti.cs.cmu.edu:61616
10/3/13 1:28:36 AM - 12: org.apache.uima.adapter.jms.client.BaseUIMAAsynchronousEngine_impl.initializeProducer: INFO: Initializing JMS Message Producer. Broker: tcp://mu.lti.cs.cmu.edu:61616 Queue Name: ScnlpQueue
10/3/13 1:28:36 AM - 12: org.apache.uima.adapter.jms.client.BaseUIMAAsynchronousEngine_impl.initializeConsumer: INFO: Initializing JMS Message Consumer. Broker: tcp://mu.lti.cs.cmu.edu:61616 Queue Name: ID:lipc-21547-1380778081996-0:1:1
10/3/13 1:28:37 AM - 12: org.apache.uima.adapter.jms.client.BaseUIMAAsynchronousEngine_impl.initialize: INFO: Asynchronous Client Has Been Initialized. Serialization Strategy: [xmi] Ready To Process.
10/3/13 1:28:39 AM - 13: org.apache.uima.adapter.jms.client.BaseUIMAAsynchronousEngineCommon_impl.stop: INFO: Stopping Asynchronous Client.
10/3/13 1:28:39 AM - 13: org.apache.uima.adapter.jms.client.BaseUIMAAsynchronousEngineCommon_impl.stop: INFO: Asynchronous Client Has Stopped.
10/3/13 1:28:39 AM - 13: org.apache.uima.adapter.jms.client.BaseUIMAAsynchronousEngineCommon_impl$SharedConnection.destroy: INFO: UIMA AS Client Shared Connection Has Been Closed   
10/3/13 1:28:39 AM - 13: org.apache.uima.adapter.jms.client.BaseUIMAAsynchronousEngine_impl.stop: INFO: UIMA AS Client Undeployed All Containers
10/3/13 1:29:12 AM - 14: edu.stanford.nlp.ling.tokensregex.CoreMapExpressionExtractor.appendRules: INFO: Ignoring inactive rule: temporal-composite-8:ranges
10/3/13 1:32:07 AM - 15: org.apache.uima.adapter.jms.client.BaseUIMAAsynchronousEngine_impl.<init>(128): INFO: UIMA Version 2.4.0 UIMA-AS Version 2.4.0
10/3/13 1:32:07 AM - 15: org.apache.uima.adapter.jms.client.BaseUIMAAsynchronousEngine_impl.setupConnection: INFO: UIMA AS Client Created Shared Connection To Broker: tcp://mu.lti.cs.cmu.edu:61616
10/3/13 1:32:08 AM - 15: org.apache.uima.adapter.jms.client.BaseUIMAAsynchronousEngine_impl.initializeProducer: INFO: Initializing JMS Message Producer. Broker: tcp://mu.lti.cs.cmu.edu:61616 Queue Name: ScnlpQueue
10/3/13 1:32:08 AM - 15: org.apache.uima.adapter.jms.client.BaseUIMAAsynchronousEngine_impl.initializeConsumer: INFO: Initializing JMS Message Consumer. Broker: tcp://mu.lti.cs.cmu.edu:61616 Queue Name: ID:lipc-21547-1380778081996-0:2:1
10/3/13 1:32:08 AM - 15: org.apache.uima.adapter.jms.client.BaseUIMAAsynchronousEngine_impl.initialize: INFO: Asynchronous Client Has Been Initialized. Serialization Strategy: [xmi] Ready To Process.
10/3/13 1:32:10 AM - 16: org.apache.uima.adapter.jms.client.BaseUIMAAsynchronousEngineCommon_impl.stop: INFO: Stopping Asynchronous Client.
10/3/13 1:32:10 AM - 16: org.apache.uima.adapter.jms.client.BaseUIMAAsynchronousEngineCommon_impl.stop: INFO: Asynchronous Client Has Stopped.
10/3/13 1:32:10 AM - 16: org.apache.uima.adapter.jms.client.BaseUIMAAsynchronousEngineCommon_impl$SharedConnection.destroy: INFO: UIMA AS Client Shared Connection Has Been Closed   
10/3/13 1:32:10 AM - 16: org.apache.uima.adapter.jms.client.BaseUIMAAsynchronousEngine_impl.stop: INFO: UIMA AS Client Undeployed All Containers
10/3/13 1:32:32 AM - 17: org.apache.uima.adapter.jms.client.BaseUIMAAsynchronousEngine_impl.<init>(128): INFO: UIMA Version 2.4.0 UIMA-AS Version 2.4.0
10/3/13 1:32:32 AM - 17: org.apache.uima.adapter.jms.client.BaseUIMAAsynchronousEngine_impl.setupConnection: INFO: UIMA AS Client Created Shared Connection To Broker: tcp://mu.lti.cs.cmu.edu:61616
10/3/13 1:32:32 AM - 17: org.apache.uima.adapter.jms.client.BaseUIMAAsynchronousEngine_impl.initializeProducer: INFO: Initializing JMS Message Producer. Broker: tcp://mu.lti.cs.cmu.edu:61616 Queue Name: ScnlpQueue
10/3/13 1:32:32 AM - 17: org.apache.uima.adapter.jms.client.BaseUIMAAsynchronousEngine_impl.initializeConsumer: INFO: Initializing JMS Message Consumer. Broker: tcp://mu.lti.cs.cmu.edu:61616 Queue Name: ID:lipc-21547-1380778081996-0:3:1
10/3/13 1:32:33 AM - 17: org.apache.uima.adapter.jms.client.BaseUIMAAsynchronousEngine_impl.initialize: INFO: Asynchronous Client Has Been Initialized. Serialization Strategy: [xmi] Ready To Process.
10/3/13 1:32:34 AM - 18: org.apache.uima.adapter.jms.client.BaseUIMAAsynchronousEngineCommon_impl.stop: INFO: Stopping Asynchronous Client.
10/3/13 1:32:34 AM - 18: org.apache.uima.adapter.jms.client.BaseUIMAAsynchronousEngineCommon_impl.stop: INFO: Asynchronous Client Has Stopped.
10/3/13 1:32:34 AM - 18: org.apache.uima.adapter.jms.client.BaseUIMAAsynchronousEngineCommon_impl$SharedConnection.destroy: INFO: UIMA AS Client Shared Connection Has Been Closed   
10/3/13 1:32:34 AM - 18: org.apache.uima.adapter.jms.client.BaseUIMAAsynchronousEngine_impl.stop: INFO: UIMA AS Client Undeployed All Containers
10/3/13 1:34:52 AM - 19: org.apache.uima.adapter.jms.client.BaseUIMAAsynchronousEngine_impl.<init>(128): INFO: UIMA Version 2.4.0 UIMA-AS Version 2.4.0
10/3/13 1:34:52 AM - 19: org.apache.uima.adapter.jms.client.BaseUIMAAsynchronousEngine_impl.setupConnection: INFO: UIMA AS Client Created Shared Connection To Broker: tcp://mu.lti.cs.cmu.edu:61616
10/3/13 1:34:52 AM - 19: org.apache.uima.adapter.jms.client.BaseUIMAAsynchronousEngine_impl.initializeProducer: INFO: Initializing JMS Message Producer. Broker: tcp://mu.lti.cs.cmu.edu:61616 Queue Name: ScnlpQueue
10/3/13 1:34:52 AM - 19: org.apache.uima.adapter.jms.client.BaseUIMAAsynchronousEngine_impl.initializeConsumer: INFO: Initializing JMS Message Consumer. Broker: tcp://mu.lti.cs.cmu.edu:61616 Queue Name: ID:lipc-21547-1380778081996-0:4:1
10/3/13 1:34:52 AM - 19: org.apache.uima.adapter.jms.client.BaseUIMAAsynchronousEngine_impl.initialize: INFO: Asynchronous Client Has Been Initialized. Serialization Strategy: [xmi] Ready To Process.
10/3/13 1:34:54 AM - 20: org.apache.uima.adapter.jms.client.BaseUIMAAsynchronousEngineCommon_impl.stop: INFO: Stopping Asynchronous Client.
10/3/13 1:34:54 AM - 20: org.apache.uima.adapter.jms.client.BaseUIMAAsynchronousEngineCommon_impl.stop: INFO: Asynchronous Client Has Stopped.
10/3/13 1:34:54 AM - 20: org.apache.uima.adapter.jms.client.BaseUIMAAsynchronousEngineCommon_impl$SharedConnection.destroy: INFO: UIMA AS Client Shared Connection Has Been Closed   
10/3/13 1:34:54 AM - 20: org.apache.uima.adapter.jms.client.BaseUIMAAsynchronousEngine_impl.stop: INFO: UIMA AS Client Undeployed All Containers
